Contract testCommand failure log
Command: node --test tests/unit/schemas.test.ts tests/unit/defaults.test.ts
Exit code: 1
Attempt: 1 of 2
Timestamp: 2026-07-09T04:46:29.883Z
Buffer overflow: no
---
node:internal/modules/esm/resolve:272
    throw new ERR_MODULE_NOT_FOUND(
          ^

Error [ERR_MODULE_NOT_FOUND]: Cannot find module '/Users/cdelgado/Documents/github/pi-smart-router/.worktrees/spine-20260709T044252/lane-1/src/config/defaults.js' imported from /Users/cdelgado/Documents/github/pi-smart-router/.worktrees/spine-20260709T044252/lane-1/tests/unit/defaults.test.ts
    at finalizeResolution (node:internal/modules/esm/resolve:272:11)
    at moduleResolve (node:internal/modules/esm/resolve:879:10)
    at defaultResolve (node:internal/modules/esm/resolve:1006:11)
    at #cachedDefaultResolve (node:internal/modules/esm/loader:704:20)
    at #resolveAndMaybeBlockOnLoaderThread (node:internal/modules/esm/loader:724:38)
    at ModuleLoader.resolveSync (node:internal/modules/esm/loader:762:56)
    at #resolve (node:internal/modules/esm/loader:686:17)
    at ModuleLoader.getOrCreateModuleJob (node:internal/modules/esm/loader:606:35)
    at ModuleJob.syncLink (node:internal/modules/esm/module_job:164:33)
    at ModuleJob.link (node:internal/modules/esm/module_job:261:17) {
  code: 'ERR_MODULE_NOT_FOUND',
  url: 'file:///Users/cdelgado/Documents/github/pi-smart-router/.worktrees/spine-20260709T044252/lane-1/src/config/defaults.js'
}

Node.js v26.4.0
✖ tests/unit/defaults.test.ts (97.781125ms)
node:internal/modules/esm/resolve:272
    throw new ERR_MODULE_NOT_FOUND(
          ^

Error [ERR_MODULE_NOT_FOUND]: Cannot find module '/Users/cdelgado/Documents/github/pi-smart-router/.worktrees/spine-20260709T044252/lane-1/src/domain/types/schemas.js' imported from /Users/cdelgado/Documents/github/pi-smart-router/.worktrees/spine-20260709T044252/lane-1/tests/unit/schemas.test.ts
    at finalizeResolution (node:internal/modules/esm/resolve:272:11)
    at moduleResolve (node:internal/modules/esm/resolve:879:10)
    at defaultResolve (node:internal/modules/esm/resolve:1006:11)
    at #cachedDefaultResolve (node:internal/modules/esm/loader:704:20)
    at #resolveAndMaybeBlockOnLoaderThread (node:internal/modules/esm/loader:724:38)
    at ModuleLoader.resolveSync (node:internal/modules/esm/loader:762:56)
    at #resolve (node:internal/modules/esm/loader:686:17)
    at ModuleLoader.getOrCreateModuleJob (node:internal/modules/esm/loader:606:35)
    at ModuleJob.syncLink (node:internal/modules/esm/module_job:164:33)
    at ModuleJob.link (node:internal/modules/esm/module_job:261:17) {
  code: 'ERR_MODULE_NOT_FOUND',
  url: 'file:///Users/cdelgado/Documents/github/pi-smart-router/.worktrees/spine-20260709T044252/lane-1/src/domain/types/schemas.js'
}

Node.js v26.4.0
✖ tests/unit/schemas.test.ts (95.043542ms)
ℹ tests 2
ℹ suites 0
ℹ pass 0
ℹ fail 2
ℹ cancelled 0
ℹ skipped 0
ℹ todo 0
ℹ duration_ms 102.923375

✖ failing tests:

test at tests/unit/defaults.test.ts:1:1
✖ tests/unit/defaults.test.ts (97.781125ms)
  'test failed'

test at tests/unit/schemas.test.ts:1:1
✖ tests/unit/schemas.test.ts (95.043542ms)
  'test failed'

